Determining if the pthread_create exist failed with the following output:
Change Dir: /home/buckstabu/dev/packages/debian/dhewm3/dhewm3/CMakeFiles/CMakeTmp

Run Build Command:"/usr/bin/make" "cmTryCompileExec2057618548/fast"
/usr/bin/make -f CMakeFiles/cmTryCompileExec2057618548.dir/build.make CMakeFiles/cmTryCompileExec2057618548.dir/build
make[1]: вход в каталог «/home/buckstabu/dev/packages/debian/dhewm3/dhewm3/CMakeFiles/CMakeTmp»
/usr/bin/cmake -E cmake_progress_report /home/buckstabu/dev/packages/debian/dhewm3/dhewm3/CMakeFiles/CMakeTmp/CMakeFiles 1
Building C object CMakeFiles/cmTryCompileExec2057618548.dir/CheckSymbolExists.c.o
/usr/bin/cc    -o CMakeFiles/cmTryCompileExec2057618548.dir/CheckSymbolExists.c.o   -c /home/buckstabu/dev/packages/debian/dhewm3/dhewm3/CMakeFiles/CMakeTmp/CheckSymbolExists.c
Linking C executable cmTryCompileExec2057618548
/usr/bin/cmake -E cmake_link_script CMakeFiles/cmTryCompileExec2057618548.dir/link.txt --verbose=1
/usr/bin/cc       CMakeFiles/cmTryCompileExec2057618548.dir/CheckSymbolExists.c.o  -o cmTryCompileExec2057618548 -rdynamic -ljpeg 
CMakeFiles/cmTryCompileExec2057618548.dir/CheckSymbolExists.c.o: In function `main':
CheckSymbolExists.c:(.text+0x16): undefined reference to `pthread_create'
collect2: error: ld returned 1 exit status
CMakeFiles/cmTryCompileExec2057618548.dir/build.make:89: ошибка выполнения рецепта для цели «cmTryCompileExec2057618548»
make[1]: выход из каталога «/home/buckstabu/dev/packages/debian/dhewm3/dhewm3/CMakeFiles/CMakeTmp»
make[1]: *** [cmTryCompileExec2057618548] Ошибка 1
Makefile:118: ошибка выполнения рецепта для цели «cmTryCompileExec2057618548/fast»
make: *** [cmTryCompileExec2057618548/fast] Ошибка 2

File /home/buckstabu/dev/packages/debian/dhewm3/dhewm3/CMakeFiles/CMakeTmp/CheckSymbolExists.c:
/* */
#include <pthread.h>

int main(int argc, char** argv)
{
  (void)argv;
#ifndef pthread_create
  return ((int*)(&pthread_create))[argc];
#else
  (void)argc;
  return 0;
#endif
}

Determining if the function pthread_create exists in the pthreads failed with the following output:
Change Dir: /home/buckstabu/dev/packages/debian/dhewm3/dhewm3/CMakeFiles/CMakeTmp

Run Build Command:"/usr/bin/make" "cmTryCompileExec245765037/fast"
/usr/bin/make -f CMakeFiles/cmTryCompileExec245765037.dir/build.make CMakeFiles/cmTryCompileExec245765037.dir/build
make[1]: вход в каталог «/home/buckstabu/dev/packages/debian/dhewm3/dhewm3/CMakeFiles/CMakeTmp»
/usr/bin/cmake -E cmake_progress_report /home/buckstabu/dev/packages/debian/dhewm3/dhewm3/CMakeFiles/CMakeTmp/CMakeFiles 1
Building C object CMakeFiles/cmTryCompileExec245765037.dir/CheckFunctionExists.c.o
/usr/bin/cc   -DCHECK_FUNCTION_EXISTS=pthread_create   -o CMakeFiles/cmTryCompileExec245765037.dir/CheckFunctionExists.c.o   -c /usr/share/cmake-3.0/Modules/CheckFunctionExists.c
Linking C executable cmTryCompileExec245765037
/usr/bin/cmake -E cmake_link_script CMakeFiles/cmTryCompileExec245765037.dir/link.txt --verbose=1
/usr/bin/cc   -DCHECK_FUNCTION_EXISTS=pthread_create    CMakeFiles/cmTryCompileExec245765037.dir/CheckFunctionExists.c.o  -o cmTryCompileExec245765037 -rdynamic -lpthreads -ljpeg 
/usr/bin/ld.bfd.real: cannot find -lpthreads
collect2: error: ld returned 1 exit status
CMakeFiles/cmTryCompileExec245765037.dir/build.make:89: ошибка выполнения рецепта для цели «cmTryCompileExec245765037»
make[1]: выход из каталога «/home/buckstabu/dev/packages/debian/dhewm3/dhewm3/CMakeFiles/CMakeTmp»
make[1]: *** [cmTryCompileExec245765037] Ошибка 1
Makefile:118: ошибка выполнения рецепта для цели «cmTryCompileExec245765037/fast»
make: *** [cmTryCompileExec245765037/fast] Ошибка 2


